<?xml version="1.0" encoding="UTF-8"?>
<!-- Generated by org.testng.reporters.JUnitReportReporter -->
<testsuite hostname="Shajeb" failures="0" tests="1" name="tests.TwoTest" time="9.292" errors="0" timestamp="2023-11-17T10:31:39 IST" skipped="0">
  <testcase classname="tests.TwoTest" name="twoTest" time="9.292"/>
  <system-out/>
</testsuite> <!-- tests.TwoTest -->
