<?xml version="1.0" encoding="UTF-8"?>
<!-- Generated by org.testng.reporters.JUnitReportReporter -->
<testsuite hostname="Shajeb" failures="0" tests="1" name="runner.Runner" time="8.479" errors="0" timestamp="2023-11-17T10:30:14 IST" skipped="0">
  <testcase classname="runner.Runner" name="runScenario" time="8.479"/>
  <system-out/>
</testsuite> <!-- runner.Runner -->
