<?xml version="1.0" encoding="UTF-8"?>
<!-- Generated by org.testng.reporters.JUnitReportReporter -->
<testsuite hostname="Shajeb" failures="0" tests="2" name="tests.LoginTest" time="22.759" errors="0" timestamp="2023-11-17T10:31:39 IST" skipped="0">
  <testcase classname="tests.LoginTest" name="login" time="7.966"/>
  <system-out/>
  <testcase classname="tests.LoginTest" name="login" time="14.793"/>
  <system-out/>
</testsuite> <!-- tests.LoginTest -->
